app/build/intermediates/manifest_merge_blame_file/debug/processDebugMainManifest/manifest-merger-blame-debug-report.txt
1<?xml version="1.0" encoding="utf-8"?>
2<manifest xmlns:android="http://schemas.android.com/apk/res/android"
3    package="com.styset.sales.app.debug"
4    android:versionCode="27"
5    android:versionName="1.0.27" >
6
7    <uses-sdk
8        android:minSdkVersion="24"
9        android:targetSdkVersion="35" />
10
11    <uses-permission android:name="android.permission.ACCESS_FINE_LOCATION" />
11-->src\main\AndroidManifest.xml:5:5-79
11-->src\main\AndroidManifest.xml:5:22-76
12    <uses-permission android:name="android.permission.ACCESS_COARSE_LOCATION" />
12-->src\main\AndroidManifest.xml:6:5-81
12-->src\main\AndroidManifest.xml:6:22-78
13    <uses-permission android:name="android.permission.FOREGROUND_SERVICE" />
13-->src\main\AndroidManifest.xml:7:5-77
13-->src\main\AndroidManifest.xml:7:22-74
14    <uses-permission android:name="android.permission.FOREGROUND_SERVICE_LOCATION" />
14-->src\main\AndroidManifest.xml:8:5-86
14-->src\main\AndroidManifest.xml:8:22-83
15    <uses-permission android:name="android.permission.POST_NOTIFICATIONS" />
15-->src\main\AndroidManifest.xml:9:5-11:32
15-->src\main\AndroidManifest.xml:10:9-61
16    <uses-permission android:name="android.permission.ACCESS_NETWORK_STATE" />
16-->src\main\AndroidManifest.xml:12:5-79
16-->src\main\AndroidManifest.xml:12:22-76
17    <uses-permission android:name="android.permission.INTERNET" />
17-->src\main\AndroidManifest.xml:13:5-67
17-->src\main\AndroidManifest.xml:13:22-64
18    <uses-permission
18-->src\main\AndroidManifest.xml:14:5-16:38
19        android:name="android.permission.WRITE_EXTERNAL_STORAGE"
19-->src\main\AndroidManifest.xml:15:9-65
20        android:maxSdkVersion="28" />
20-->src\main\AndroidManifest.xml:16:9-35
21    <uses-permission android:name="android.permission.READ_EXTERNAL_STORAGE" />
21-->src\main\AndroidManifest.xml:17:5-80
21-->src\main\AndroidManifest.xml:17:22-77
22    <uses-permission android:name="android.permission.READ_CALENDAR" />
22-->src\main\AndroidManifest.xml:18:5-72
22-->src\main\AndroidManifest.xml:18:22-69
23    <uses-permission android:name="android.permission.WRITE_CALENDAR" />
23-->src\main\AndroidManifest.xml:19:5-73
23-->src\main\AndroidManifest.xml:19:22-70
24    <uses-permission android:name="android.permission.GET_ACCOUNTS" />
24-->src\main\AndroidManifest.xml:20:5-71
24-->src\main\AndroidManifest.xml:20:22-68
25    <uses-permission android:name="android.permission.CAMERA" />
25-->src\main\AndroidManifest.xml:21:5-65
25-->src\main\AndroidManifest.xml:21:22-62
26
27    <uses-feature
27-->src\main\AndroidManifest.xml:23:5-25:36
28        android:name="android.hardware.camera"
28-->src\main\AndroidManifest.xml:24:9-47
29        android:required="false" />
29-->src\main\AndroidManifest.xml:25:9-33
30    <uses-feature
30-->[com.google.android.gms:play-services-maps:18.2.0] AndroidManifest.xml:26:5-28:35
31        android:glEsVersion="0x00020000"
31-->[com.google.android.gms:play-services-maps:18.2.0] AndroidManifest.xml:27:9-41
32        android:required="true" />
32-->[com.google.android.gms:play-services-maps:18.2.0] AndroidManifest.xml:28:9-32
33
34    <queries>
34-->[com.google.android.gms:play-services-maps:18.2.0] AndroidManifest.xml:30:5-34:15
35
36        <!-- Needs to be explicitly declared on Android R+ -->
37        <package android:name="com.google.android.apps.maps" />
37-->[com.google.android.gms:play-services-maps:18.2.0] AndroidManifest.xml:33:9-64
37-->[com.google.android.gms:play-services-maps:18.2.0] AndroidManifest.xml:33:18-61
38    </queries>
39
40    <uses-permission android:name="android.permission.WAKE_LOCK" />
40-->[androidx.work:work-runtime:2.9.0] AndroidManifest.xml:23:5-68
40-->[androidx.work:work-runtime:2.9.0] AndroidManifest.xml:23:22-65
41    <uses-permission android:name="android.permission.RECEIVE_BOOT_COMPLETED" />
41-->[androidx.work:work-runtime:2.9.0] AndroidManifest.xml:25:5-81
41-->[androidx.work:work-runtime:2.9.0] AndroidManifest.xml:25:22-78
42
43    <permission
43-->[androidx.core:core:1.12.0] AndroidManifest.xml:22:5-24:47
44        android:name="com.styset.sales.app.debug.DYNAMIC_RECEIVER_NOT_EXPORTED_PERMISSION"
44-->[androidx.core:core:1.12.0] AndroidManifest.xml:23:9-81
45        android:protectionLevel="signature" />
45-->[androidx.core:core:1.12.0] AndroidManifest.xml:24:9-44
46
47    <uses-permission android:name="com.styset.sales.app.debug.DYNAMIC_RECEIVER_NOT_EXPORTED_PERMISSION" />
47-->[androidx.core:core:1.12.0] AndroidManifest.xml:26:5-97
47-->[androidx.core:core:1.12.0] AndroidManifest.xml:26:22-94
48
49    <application
49-->src\main\AndroidManifest.xml:27:5-114:19
50        android:name="com.styset.sales.app.SalesStySetApp"
50-->src\main\AndroidManifest.xml:28:9-39
51        android:allowBackup="true"
51-->src\main\AndroidManifest.xml:29:9-35
52        android:appComponentFactory="androidx.core.app.CoreComponentFactory"
52-->[androidx.core:core:1.12.0] AndroidManifest.xml:28:18-86
53        android:debuggable="true"
54        android:extractNativeLibs="false"
55        android:icon="@mipmap/ic_launcher"
55-->src\main\AndroidManifest.xml:30:9-43
56        android:label="@string/app_name"
56-->src\main\AndroidManifest.xml:31:9-41
57        android:roundIcon="@mipmap/ic_launcher_round"
57-->src\main\AndroidManifest.xml:32:9-54
58        android:supportsRtl="true"
58-->src\main\AndroidManifest.xml:33:9-35
59        android:testOnly="true"
60        android:theme="@style/Theme.SalesStySetGPS"
60-->src\main\AndroidManifest.xml:34:9-52
61        android:usesCleartextTraffic="true" >
61-->src\main\AndroidManifest.xml:35:9-44
62        <activity
62-->src\main\AndroidManifest.xml:36:9-38:40
63            android:name="com.styset.sales.app.LeadDetailActivity"
63-->src\main\AndroidManifest.xml:37:13-47
64            android:exported="false" />
64-->src\main\AndroidManifest.xml:38:13-37
65        <activity
65-->src\main\AndroidManifest.xml:39:9-47:20
66            android:name="com.styset.sales.app.ui.LoginActivity"
66-->src\main\AndroidManifest.xml:40:13-45
67            android:exported="true" >
67-->src\main\AndroidManifest.xml:41:13-36
68            <intent-filter>
68-->src\main\AndroidManifest.xml:42:13-46:29
69                <action android:name="android.intent.action.MAIN" />
69-->src\main\AndroidManifest.xml:43:17-69
69-->src\main\AndroidManifest.xml:43:25-66
70
71                <category android:name="android.intent.category.LAUNCHER" />
71-->src\main\AndroidManifest.xml:45:17-77
71-->src\main\AndroidManifest.xml:45:27-74
72            </intent-filter>
73        </activity>
74        <activity
74-->src\main\AndroidManifest.xml:48:9-50:40
75            android:name="com.styset.sales.app.ui.CreateLeadActivity"
75-->src\main\AndroidManifest.xml:49:13-50
76            android:exported="false" />
76-->src\main\AndroidManifest.xml:50:13-37
77        <activity
77-->src\main\AndroidManifest.xml:52:9-54:40
78            android:name="com.styset.sales.app.ui.ActivityAttendance"
78-->src\main\AndroidManifest.xml:53:13-50
79            android:exported="false" />
79-->src\main\AndroidManifest.xml:54:13-37
80        <activity
80-->src\main\AndroidManifest.xml:56:9-58:40
81            android:name="com.styset.sales.app.ui.SyncTestActivity"
81-->src\main\AndroidManifest.xml:57:13-48
82            android:exported="false" />
82-->src\main\AndroidManifest.xml:58:13-37
83        <activity
83-->src\main\AndroidManifest.xml:60:9-62:40
84            android:name="com.styset.sales.app.ui.ApiActivity"
84-->src\main\AndroidManifest.xml:61:13-43
85            android:exported="false" />
85-->src\main\AndroidManifest.xml:62:13-37
86        <activity
86-->src\main\AndroidManifest.xml:64:9-66:40
87            android:name="com.styset.sales.app.ui.LeadActivity"
87-->src\main\AndroidManifest.xml:65:13-44
88            android:exported="false" />
88-->src\main\AndroidManifest.xml:66:13-37
89        <activity
89-->src\main\AndroidManifest.xml:68:9-70:40
90            android:name="com.styset.sales.app.VisitDetailActivity"
90-->src\main\AndroidManifest.xml:69:13-48
91            android:exported="false" />
91-->src\main\AndroidManifest.xml:70:13-37
92        <activity
92-->src\main\AndroidManifest.xml:72:9-74:39
93            android:name="com.styset.sales.app.MainActivity2"
93-->src\main\AndroidManifest.xml:73:13-42
94            android:exported="true" />
94-->src\main\AndroidManifest.xml:74:13-36
95
96        <meta-data
96-->src\main\AndroidManifest.xml:76:9-78:55
97            android:name="com.google.android.geo.API_KEY"
97-->src\main\AndroidManifest.xml:77:13-58
98            android:value="@string/google_maps_key" /> <!-- Google Play Services version (already there) -->
98-->src\main\AndroidManifest.xml:78:13-52
99        <meta-data
99-->src\main\AndroidManifest.xml:79:9-81:69
100            android:name="com.google.android.gms.version"
100-->src\main\AndroidManifest.xml:80:13-58
101            android:value="@integer/google_play_services_version" /> <!-- Add these for Calendar API -->
101-->src\main\AndroidManifest.xml:81:13-66
102        <!-- <meta-data -->
103        <!-- android:name="com.google.android.gms.auth.api.signin" -->
104        <!-- android:value="@integer/google_play_services_version" /> -->
105        <service
105-->src\main\AndroidManifest.xml:85:9-88:56
106            android:name="com.styset.sales.app.location.LocationForegroundService"
106-->src\main\AndroidManifest.xml:86:13-63
107            android:exported="false"
107-->src\main\AndroidManifest.xml:87:13-37
108            android:foregroundServiceType="location" /> <!-- Calendar Sync Service -->
108-->src\main\AndroidManifest.xml:88:13-53
109        <!-- <service -->
110        <!-- android:name=".services.CalendarSyncService" -->
111        <!-- android:exported="false" /> -->
112        <!-- &lt;!&ndash; WorkManager Provider &ndash;&gt; -->
113        <!-- <provider -->
114        <!-- android:name="androidx.work.impl.WorkManagerInitializer" -->
115        <!-- android:authorities="${applicationId}.workmanager-init" -->
116        <!-- android:exported="false" -->
117        <!-- tools:node="remove" /> -->
118        <activity
118-->src\main\AndroidManifest.xml:98:9-100:48
119            android:name="com.styset.sales.app.ui.MainActivity"
119-->src\main\AndroidManifest.xml:99:13-44
120            android:exported="true" />
120-->src\main\AndroidManifest.xml:100:13-36
121        <activity
121-->src\main\AndroidManifest.xml:101:9-103:40
122            android:name="com.styset.sales.app.ui.PlacesActivity"
122-->src\main\AndroidManifest.xml:102:13-46
123            android:exported="false" />
123-->src\main\AndroidManifest.xml:103:13-37
124
125        <provider
126            android:name="androidx.core.content.FileProvider"
126-->src\main\AndroidManifest.xml:106:13-62
127            android:authorities="com.styset.sales.app.debug.fileprovider"
127-->src\main\AndroidManifest.xml:107:13-64
128            android:exported="false"
128-->src\main\AndroidManifest.xml:108:13-37
129            android:grantUriPermissions="true" >
129-->src\main\AndroidManifest.xml:109:13-47
130            <meta-data
130-->src\main\AndroidManifest.xml:110:13-112:54
131                android:name="android.support.FILE_PROVIDER_PATHS"
131-->src\main\AndroidManifest.xml:111:17-67
132                android:resource="@xml/file_paths" />
132-->src\main\AndroidManifest.xml:112:17-51
133        </provider>
134
135        <activity
135-->[com.karumi:dexter:6.2.3] AndroidManifest.xml:27:9-29:72
136            android:name="com.karumi.dexter.DexterActivity"
136-->[com.karumi:dexter:6.2.3] AndroidManifest.xml:28:13-60
137            android:theme="@style/Dexter.Internal.Theme.Transparent" /> <!-- Needs to be explicitly declared on P+ -->
137-->[com.karumi:dexter:6.2.3] AndroidManifest.xml:29:13-69
138        <uses-library
138-->[com.google.android.gms:play-services-maps:18.2.0] AndroidManifest.xml:39:9-41:40
139            android:name="org.apache.http.legacy"
139-->[com.google.android.gms:play-services-maps:18.2.0] AndroidManifest.xml:40:13-50
140            android:required="false" />
140-->[com.google.android.gms:play-services-maps:18.2.0] AndroidManifest.xml:41:13-37
141
142        <activity
142-->[com.google.android.gms:play-services-auth:20.7.0] AndroidManifest.xml:23:9-27:75
143            android:name="com.google.android.gms.auth.api.signin.internal.SignInHubActivity"
143-->[com.google.android.gms:play-services-auth:20.7.0] AndroidManifest.xml:24:13-93
144            android:excludeFromRecents="true"
144-->[com.google.android.gms:play-services-auth:20.7.0] AndroidManifest.xml:25:13-46
145            android:exported="false"
145-->[com.google.android.gms:play-services-auth:20.7.0] AndroidManifest.xml:26:13-37
146            android:theme="@android:style/Theme.Translucent.NoTitleBar" />
146-->[com.google.android.gms:play-services-auth:20.7.0] AndroidManifest.xml:27:13-72
147        <!--
148            Service handling Google Sign-In user revocation. For apps that do not integrate with
149            Google Sign-In, this service will never be started.
150        -->
151        <service
151-->[com.google.android.gms:play-services-auth:20.7.0] AndroidManifest.xml:33:9-37:51
152            android:name="com.google.android.gms.auth.api.signin.RevocationBoundService"
152-->[com.google.android.gms:play-services-auth:20.7.0] AndroidManifest.xml:34:13-89
153            android:exported="true"
153-->[com.google.android.gms:play-services-auth:20.7.0] AndroidManifest.xml:35:13-36
154            android:permission="com.google.android.gms.auth.api.signin.permission.REVOCATION_NOTIFICATION"
154-->[com.google.android.gms:play-services-auth:20.7.0] AndroidManifest.xml:36:13-107
155            android:visibleToInstantApps="true" />
155-->[com.google.android.gms:play-services-auth:20.7.0] AndroidManifest.xml:37:13-48
156
157        <activity
157-->[com.google.android.gms:play-services-base:18.3.0] AndroidManifest.xml:20:9-22:45
158            android:name="com.google.android.gms.common.api.GoogleApiActivity"
158-->[com.google.android.gms:play-services-base:18.3.0] AndroidManifest.xml:20:19-85
159            android:exported="false"
159-->[com.google.android.gms:play-services-base:18.3.0] AndroidManifest.xml:22:19-43
160            android:theme="@android:style/Theme.Translucent.NoTitleBar" />
160-->[com.google.android.gms:play-services-base:18.3.0] AndroidManifest.xml:21:19-78
161
162        <provider
162-->[androidx.emoji2:emoji2:1.2.0] AndroidManifest.xml:24:9-32:20
163            android:name="androidx.startup.InitializationProvider"
163-->[androidx.emoji2:emoji2:1.2.0] AndroidManifest.xml:25:13-67
164            android:authorities="com.styset.sales.app.debug.androidx-startup"
164-->[androidx.emoji2:emoji2:1.2.0] AndroidManifest.xml:26:13-68
165            android:exported="false" >
165-->[androidx.emoji2:emoji2:1.2.0] AndroidManifest.xml:27:13-37
166            <meta-data
166-->[androidx.emoji2:emoji2:1.2.0] AndroidManifest.xml:29:13-31:52
167                android:name="androidx.emoji2.text.EmojiCompatInitializer"
167-->[androidx.emoji2:emoji2:1.2.0] AndroidManifest.xml:30:17-75
168                android:value="androidx.startup" />
168-->[androidx.emoji2:emoji2:1.2.0] AndroidManifest.xml:31:17-49
169            <meta-data
169-->[androidx.work:work-runtime:2.9.0] AndroidManifest.xml:34:13-36:52
170                android:name="androidx.work.WorkManagerInitializer"
170-->[androidx.work:work-runtime:2.9.0] AndroidManifest.xml:35:17-68
171                android:value="androidx.startup" />
171-->[androidx.work:work-runtime:2.9.0] AndroidManifest.xml:36:17-49
172            <meta-data
172-->[androidx.lifecycle:lifecycle-process:2.7.0] AndroidManifest.xml:29:13-31:52
173                android:name="androidx.lifecycle.ProcessLifecycleInitializer"
173-->[androidx.lifecycle:lifecycle-process:2.7.0] AndroidManifest.xml:30:17-78
174                android:value="androidx.startup" />
174-->[androidx.lifecycle:lifecycle-process:2.7.0] AndroidManifest.xml:31:17-49
175            <meta-data
175-->[androidx.profileinstaller:profileinstaller:1.3.0] AndroidManifest.xml:29:13-31:52
176                android:name="androidx.profileinstaller.ProfileInstallerInitializer"
176-->[androidx.profileinstaller:profileinstaller:1.3.0] AndroidManifest.xml:30:17-85
177                android:value="androidx.startup" />
177-->[androidx.profileinstaller:profileinstaller:1.3.0] AndroidManifest.xml:31:17-49
178        </provider>
179
180        <service
180-->[androidx.work:work-runtime:2.9.0] AndroidManifest.xml:39:9-45:35
181            android:name="androidx.work.impl.background.systemalarm.SystemAlarmService"
181-->[androidx.work:work-runtime:2.9.0] AndroidManifest.xml:40:13-88
182            android:directBootAware="false"
182-->[androidx.work:work-runtime:2.9.0] AndroidManifest.xml:41:13-44
183            android:enabled="@bool/enable_system_alarm_service_default"
183-->[androidx.work:work-runtime:2.9.0] AndroidManifest.xml:42:13-72
184            android:exported="false" />
184-->[androidx.work:work-runtime:2.9.0] AndroidManifest.xml:43:13-37
185        <service
185-->[androidx.work:work-runtime:2.9.0] AndroidManifest.xml:46:9-52:35
186            android:name="androidx.work.impl.background.systemjob.SystemJobService"
186-->[androidx.work:work-runtime:2.9.0] AndroidManifest.xml:47:13-84
187            android:directBootAware="false"
187-->[androidx.work:work-runtime:2.9.0] AndroidManifest.xml:48:13-44
188            android:enabled="@bool/enable_system_job_service_default"
188-->[androidx.work:work-runtime:2.9.0] AndroidManifest.xml:49:13-70
189            android:exported="true"
189-->[androidx.work:work-runtime:2.9.0] AndroidManifest.xml:50:13-36
190            android:permission="android.permission.BIND_JOB_SERVICE" />
190-->[androidx.work:work-runtime:2.9.0] AndroidManifest.xml:51:13-69
191        <service
191-->[androidx.work:work-runtime:2.9.0] AndroidManifest.xml:53:9-59:35
192            android:name="androidx.work.impl.foreground.SystemForegroundService"
192-->[androidx.work:work-runtime:2.9.0] AndroidManifest.xml:54:13-81
193            android:directBootAware="false"
193-->[androidx.work:work-runtime:2.9.0] AndroidManifest.xml:55:13-44
194            android:enabled="@bool/enable_system_foreground_service_default"
194-->[androidx.work:work-runtime:2.9.0] AndroidManifest.xml:56:13-77
195            android:exported="false" />
195-->[androidx.work:work-runtime:2.9.0] AndroidManifest.xml:57:13-37
196
197        <receiver
197-->[androidx.work:work-runtime:2.9.0] AndroidManifest.xml:61:9-66:35
198            android:name="androidx.work.impl.utils.ForceStopRunnable$BroadcastReceiver"
198-->[androidx.work:work-runtime:2.9.0] AndroidManifest.xml:62:13-88
199            android:directBootAware="false"
199-->[androidx.work:work-runtime:2.9.0] AndroidManifest.xml:63:13-44
200            android:enabled="true"
200-->[androidx.work:work-runtime:2.9.0] AndroidManifest.xml:64:13-35
201            android:exported="false" />
201-->[androidx.work:work-runtime:2.9.0] AndroidManifest.xml:65:13-37
202        <receiver
202-->[androidx.work:work-runtime:2.9.0] AndroidManifest.xml:67:9-77:20
203            android:name="androidx.work.impl.background.systemalarm.ConstraintProxy$BatteryChargingProxy"
203-->[androidx.work:work-runtime:2.9.0] AndroidManifest.xml:68:13-106
204            android:directBootAware="false"
204-->[androidx.work:work-runtime:2.9.0] AndroidManifest.xml:69:13-44
205            android:enabled="false"
205-->[androidx.work:work-runtime:2.9.0] AndroidManifest.xml:70:13-36
206            android:exported="false" >
206-->[androidx.work:work-runtime:2.9.0] AndroidManifest.xml:71:13-37
207            <intent-filter>
207-->[androidx.work:work-runtime:2.9.0] AndroidManifest.xml:73:13-76:29
208                <action android:name="android.intent.action.ACTION_POWER_CONNECTED" />
208-->[androidx.work:work-runtime:2.9.0] AndroidManifest.xml:74:17-87
208-->[androidx.work:work-runtime:2.9.0] AndroidManifest.xml:74:25-84
209                <action android:name="android.intent.action.ACTION_POWER_DISCONNECTED" />
209-->[androidx.work:work-runtime:2.9.0] AndroidManifest.xml:75:17-90
209-->[androidx.work:work-runtime:2.9.0] AndroidManifest.xml:75:25-87
210            </intent-filter>
211        </receiver>
212        <receiver
212-->[androidx.work:work-runtime:2.9.0] AndroidManifest.xml:78:9-88:20
213            android:name="androidx.work.impl.background.systemalarm.ConstraintProxy$BatteryNotLowProxy"
213-->[androidx.work:work-runtime:2.9.0] AndroidManifest.xml:79:13-104
214            android:directBootAware="false"
214-->[androidx.work:work-runtime:2.9.0] AndroidManifest.xml:80:13-44
215            android:enabled="false"
215-->[androidx.work:work-runtime:2.9.0] AndroidManifest.xml:81:13-36
216            android:exported="false" >
216-->[androidx.work:work-runtime:2.9.0] AndroidManifest.xml:82:13-37
217            <intent-filter>
217-->[androidx.work:work-runtime:2.9.0] AndroidManifest.xml:84:13-87:29
218                <action android:name="android.intent.action.BATTERY_OKAY" />
218-->[androidx.work:work-runtime:2.9.0] AndroidManifest.xml:85:17-77
218-->[androidx.work:work-runtime:2.9.0] AndroidManifest.xml:85:25-74
219                <action android:name="android.intent.action.BATTERY_LOW" />
219-->[androidx.work:work-runtime:2.9.0] AndroidManifest.xml:86:17-76
219-->[androidx.work:work-runtime:2.9.0] AndroidManifest.xml:86:25-73
220            </intent-filter>
221        </receiver>
222        <receiver
222-->[androidx.work:work-runtime:2.9.0] AndroidManifest.xml:89:9-99:20
223            android:name="androidx.work.impl.background.systemalarm.ConstraintProxy$StorageNotLowProxy"
223-->[androidx.work:work-runtime:2.9.0] AndroidManifest.xml:90:13-104
224            android:directBootAware="false"
224-->[androidx.work:work-runtime:2.9.0] AndroidManifest.xml:91:13-44
225            android:enabled="false"
225-->[androidx.work:work-runtime:2.9.0] AndroidManifest.xml:92:13-36
226            android:exported="false" >
226-->[androidx.work:work-runtime:2.9.0] AndroidManifest.xml:93:13-37
227            <intent-filter>
227-->[androidx.work:work-runtime:2.9.0] AndroidManifest.xml:95:13-98:29
228                <action android:name="android.intent.action.DEVICE_STORAGE_LOW" />
228-->[androidx.work:work-runtime:2.9.0] AndroidManifest.xml:96:17-83
228-->[androidx.work:work-runtime:2.9.0] AndroidManifest.xml:96:25-80
229                <action android:name="android.intent.action.DEVICE_STORAGE_OK" />
229-->[androidx.work:work-runtime:2.9.0] AndroidManifest.xml:97:17-82
229-->[androidx.work:work-runtime:2.9.0] AndroidManifest.xml:97:25-79
230            </intent-filter>
231        </receiver>
232        <receiver
232-->[androidx.work:work-runtime:2.9.0] AndroidManifest.xml:100:9-109:20
233            android:name="androidx.work.impl.background.systemalarm.ConstraintProxy$NetworkStateProxy"
233-->[androidx.work:work-runtime:2.9.0] AndroidManifest.xml:101:13-103
234            android:directBootAware="false"
234-->[androidx.work:work-runtime:2.9.0] AndroidManifest.xml:102:13-44
235            android:enabled="false"
235-->[androidx.work:work-runtime:2.9.0] AndroidManifest.xml:103:13-36
236            android:exported="false" >
236-->[androidx.work:work-runtime:2.9.0] AndroidManifest.xml:104:13-37
237            <intent-filter>
237-->[androidx.work:work-runtime:2.9.0] AndroidManifest.xml:106:13-108:29
238                <action android:name="android.net.conn.CONNECTIVITY_CHANGE" />
238-->[androidx.work:work-runtime:2.9.0] AndroidManifest.xml:107:17-79
238-->[androidx.work:work-runtime:2.9.0] AndroidManifest.xml:107:25-76
239            </intent-filter>
240        </receiver>
241        <receiver
241-->[androidx.work:work-runtime:2.9.0] AndroidManifest.xml:110:9-121:20
242            android:name="androidx.work.impl.background.systemalarm.RescheduleReceiver"
242-->[androidx.work:work-runtime:2.9.0] AndroidManifest.xml:111:13-88
243            android:directBootAware="false"
243-->[androidx.work:work-runtime:2.9.0] AndroidManifest.xml:112:13-44
244            android:enabled="false"
244-->[androidx.work:work-runtime:2.9.0] AndroidManifest.xml:113:13-36
245            android:exported="false" >
245-->[androidx.work:work-runtime:2.9.0] AndroidManifest.xml:114:13-37
246            <intent-filter>
246-->[androidx.work:work-runtime:2.9.0] AndroidManifest.xml:116:13-120:29
247                <action android:name="android.intent.action.BOOT_COMPLETED" />
247-->[androidx.work:work-runtime:2.9.0] AndroidManifest.xml:117:17-79
247-->[androidx.work:work-runtime:2.9.0] AndroidManifest.xml:117:25-76
248                <action android:name="android.intent.action.TIME_SET" />
248-->[androidx.work:work-runtime:2.9.0] AndroidManifest.xml:118:17-73
248-->[androidx.work:work-runtime:2.9.0] AndroidManifest.xml:118:25-70
249                <action android:name="android.intent.action.TIMEZONE_CHANGED" />
249-->[androidx.work:work-runtime:2.9.0] AndroidManifest.xml:119:17-81
249-->[androidx.work:work-runtime:2.9.0] AndroidManifest.xml:119:25-78
250            </intent-filter>
251        </receiver>
252        <receiver
252-->[androidx.work:work-runtime:2.9.0] AndroidManifest.xml:122:9-131:20
253            android:name="androidx.work.impl.background.systemalarm.ConstraintProxyUpdateReceiver"
253-->[androidx.work:work-runtime:2.9.0] AndroidManifest.xml:123:13-99
254            android:directBootAware="false"
254-->[androidx.work:work-runtime:2.9.0] AndroidManifest.xml:124:13-44
255            android:enabled="@bool/enable_system_alarm_service_default"
255-->[androidx.work:work-runtime:2.9.0] AndroidManifest.xml:125:13-72
256            android:exported="false" >
256-->[androidx.work:work-runtime:2.9.0] AndroidManifest.xml:126:13-37
257            <intent-filter>
257-->[androidx.work:work-runtime:2.9.0] AndroidManifest.xml:128:13-130:29
258                <action android:name="androidx.work.impl.background.systemalarm.UpdateProxies" />
258-->[androidx.work:work-runtime:2.9.0] AndroidManifest.xml:129:17-98
258-->[androidx.work:work-runtime:2.9.0] AndroidManifest.xml:129:25-95
259            </intent-filter>
260        </receiver>
261        <receiver
261-->[androidx.work:work-runtime:2.9.0] AndroidManifest.xml:132:9-142:20
262            android:name="androidx.work.impl.diagnostics.DiagnosticsReceiver"
262-->[androidx.work:work-runtime:2.9.0] AndroidManifest.xml:133:13-78
263            android:directBootAware="false"
263-->[androidx.work:work-runtime:2.9.0] AndroidManifest.xml:134:13-44
264            android:enabled="true"
264-->[androidx.work:work-runtime:2.9.0] AndroidManifest.xml:135:13-35
265            android:exported="true"
265-->[androidx.work:work-runtime:2.9.0] AndroidManifest.xml:136:13-36
266            android:permission="android.permission.DUMP" >
266-->[androidx.work:work-runtime:2.9.0] AndroidManifest.xml:137:13-57
267            <intent-filter>
267-->[androidx.work:work-runtime:2.9.0] AndroidManifest.xml:139:13-141:29
268                <action android:name="androidx.work.diagnostics.REQUEST_DIAGNOSTICS" />
268-->[androidx.work:work-runtime:2.9.0] AndroidManifest.xml:140:17-88
268-->[androidx.work:work-runtime:2.9.0] AndroidManifest.xml:140:25-85
269            </intent-filter>
270        </receiver>
271
272        <service
272-->[androidx.room:room-runtime:2.6.1] AndroidManifest.xml:24:9-28:63
273            android:name="androidx.room.MultiInstanceInvalidationService"
273-->[androidx.room:room-runtime:2.6.1] AndroidManifest.xml:25:13-74
274            android:directBootAware="true"
274-->[androidx.room:room-runtime:2.6.1] AndroidManifest.xml:26:13-43
275            android:exported="false" />
275-->[androidx.room:room-runtime:2.6.1] AndroidManifest.xml:27:13-37
276
277        <receiver
277-->[androidx.profileinstaller:profileinstaller:1.3.0] AndroidManifest.xml:34:9-52:20
278            android:name="androidx.profileinstaller.ProfileInstallReceiver"
278-->[androidx.profileinstaller:profileinstaller:1.3.0] AndroidManifest.xml:35:13-76
279            android:directBootAware="false"
279-->[androidx.profileinstaller:profileinstaller:1.3.0] AndroidManifest.xml:36:13-44
280            android:enabled="true"
280-->[androidx.profileinstaller:profileinstaller:1.3.0] AndroidManifest.xml:37:13-35
281            android:exported="true"
281-->[androidx.profileinstaller:profileinstaller:1.3.0] AndroidManifest.xml:38:13-36
282            android:permission="android.permission.DUMP" >
282-->[androidx.profileinstaller:profileinstaller:1.3.0] AndroidManifest.xml:39:13-57
283            <intent-filter>
283-->[androidx.profileinstaller:profileinstaller:1.3.0] AndroidManifest.xml:40:13-42:29
284                <action android:name="androidx.profileinstaller.action.INSTALL_PROFILE" />
284-->[androidx.profileinstaller:profileinstaller:1.3.0] AndroidManifest.xml:41:17-91
284-->[androidx.profileinstaller:profileinstaller:1.3.0] AndroidManifest.xml:41:25-88
285            </intent-filter>
286            <intent-filter>
286-->[androidx.profileinstaller:profileinstaller:1.3.0] AndroidManifest.xml:43:13-45:29
287                <action android:name="androidx.profileinstaller.action.SKIP_FILE" />
287-->[androidx.profileinstaller:profileinstaller:1.3.0] AndroidManifest.xml:44:17-85
287-->[androidx.profileinstaller:profileinstaller:1.3.0] AndroidManifest.xml:44:25-82
288            </intent-filter>
289            <intent-filter>
289-->[androidx.profileinstaller:profileinstaller:1.3.0] AndroidManifest.xml:46:13-48:29
290                <action android:name="androidx.profileinstaller.action.SAVE_PROFILE" />
290-->[androidx.profileinstaller:profileinstaller:1.3.0] AndroidManifest.xml:47:17-88
290-->[androidx.profileinstaller:profileinstaller:1.3.0] AndroidManifest.xml:47:25-85
291            </intent-filter>
292            <intent-filter>
292-->[androidx.profileinstaller:profileinstaller:1.3.0] AndroidManifest.xml:49:13-51:29